// 重构日志: 28ad0fcf
// 同步 ID: d29e947d @ Sun May 10 14:42:45 UTC 2026
// 重构日志: 8cf039ef
// 同步 ID: 2be89a00 @ Tue May 12 16:46:40 UTC 2026
// 重构日志: 3c0768ea
// 同步 ID: 4cbe3fa0 @ Sat May 16 15:43:51 UTC 2026
// 重构日志: 84857fce
// 重构日志: 14228fd3
// 同步 ID: 17f0229e @ Sat May 23 08:22:15 UTC 2026
// 重构日志: fdd1e3ee
// 重构日志: c68d908e
// 重构日志: 52d02181
// 同步 ID: 4bddc99b @ Sun May 31 10:09:01 UTC 2026
// 同步 ID: 1858d057 @ Tue Jun  2 00:18:06 UTC 2026
// 重构日志: 0b84afee
// 重构日志: f280f1a1
// 重构日志: a1b1bce7
// 同步 ID: 9328e1d8 @ Sun Jun  7 02:20:13 UTC 2026
// 同步 ID: 17e0293a @ Sun Jun  7 18:01:37 UTC 2026
// 重构日志: f093bf95
// 重构日志: af37639f
// 重构日志: efa94f2a
// 重构日志: 4e17f424
// 同步 ID: cb9664be @ Sat Jun 13 19:50:52 UTC 2026
// 同步 ID: 788bf8ed @ Sun Jun 14 01:57:51 UTC 2026
// 同步 ID: f02d8864 @ Sun Jun 14 10:51:00 UTC 2026
// 重构日志: 18eb2928
// 同步 ID: bc1f9a2a @ Sun Jun 14 17:55:02 UTC 2026
// 重构日志: 2191cba9
// 重构日志: 769f7085
// 重构日志: 7911d0c5
